========================================
NETI SCAN REPORT
========================================

SCAN SUMMARY: 195 files | 220399 tokens | 6 violations

ALL VIOLATING FILES:
    3 violations | src\analysis\structural.rs
    1 violations | src\analysis\ast.rs
    1 violations | src\analysis\extract.rs
    1 violations | src\cli\handlers\scan_report.rs

warn: [1 of 6] Nested loop (O(n²)) detected
  --> src\analysis\ast.rs:158
   |
   157 |     for m in &matches {
   158 |         for cap in m.captures {
   |         ^^^^^^^^^^^^^^^^^^^^^^^
   159 |             // neti:allow(P04)
   = P04: Review recommended — inner loop may be bounded to a small constant
   |
   = ANALYSIS:
   |   Quadratic complexity — scales poorly with input size.
   |
   = WHY: Nested loops produce O(n²) complexity, which scales poorly with input size.
   |
   = FIX: Replace the inner loop with a lookup structure (HashMap/HashSet) for O(n) total, or confirm the inner loop is bounded to a small constant.
   |
   = SUPPRESS: // neti:allow(P04) on the line, or P04 = "warn" in neti.toml [rules]

warn: [2 of 6] Nested loop (O(n²)) detected
  --> src\analysis\extract.rs:41
   = P04: Quadratic complexity — scales poorly with input size. — see first P04 above

warn: [3 of 6] Nested loop (O(n²)) detected
  --> src\analysis\structural.rs:29
   = P04: Quadratic complexity — scales poorly with input size. — see first P04 above

warn: [4 of 6] Nested loop (O(n²)) detected
  --> src\analysis\structural.rs:76
   = P04: Quadratic complexity — scales poorly with input size. — see first P04 above

warn: [5 of 6] Nested loop (O(n²)) detected
  --> src\analysis\structural.rs:129
   = P04: Quadratic complexity — scales poorly with input size. — see first P04 above

warn: [6 of 6] Nested loop (O(n²)) detected
  --> src\cli\handlers\scan_report.rs:124
   = P04: Quadratic complexity — scales poorly with input size. — see first P04 above

~ Neti found 6 warnings (1.485s).


========================================
NETI COMMANDS REPORT
========================================

$ cargo clippy --all-targets --no-deps -- -D warnings
> PASS (1255ms)

$ cargo test
> FAIL (3583ms)
running 149 tests
test analysis::checks::syntax::tests::test_open_range_pattern_recognized ... ok
test analysis::checks::syntax::tests::test_rust_error ... ok
test analysis::checks::syntax::tests::test_inner_attribute_recognized ... ok
test analysis::cognitive::tests::test_linear_flow ... ok
test analysis::checks::syntax::tests::test_inner_attribute_content_suppressed ... ok
test analysis::checks::syntax::tests::test_c_string_literal_recognized ... ok
test analysis::cognitive::tests::test_else_if_flattening ... ok
test analysis::cognitive::tests::test_if_statement ... ok
test analysis::checks::syntax::tests::test_suffixed_literal_recognized ... ok
test analysis::cognitive::tests::test_boolean_ops ... ok
test analysis::patterns::concurrency_lock::tests::classify_async_by_body_pattern ... ok
test analysis::patterns::concurrency_lock::tests::classify_sync_by_default ... ok
test analysis::patterns::concurrency_lock::tests::classify_async_by_import ... ok
test analysis::checks::syntax::tests::test_valid_rust ... ok
test analysis::cognitive::tests::test_nested_if ... ok
test analysis::patterns::concurrency_lock::tests::c03_no_violation_without_await_span ... ok
test analysis::patterns::concurrency_lock::tests::c03_flags_sync_mutex_across_await ... ok
test analysis::patterns::concurrency_lock::tests::c03_async_mutex_gets_hol_message ... ok
test analysis::patterns::idiomatic::idiomatic_i02::tests::i02_still_flags_same_variant_duplicates ... ok
test analysis::patterns::idiomatic::idiomatic_i02::tests::i02_skip_different_variant_types ... ok
test analysis::patterns::idiomatic::idiomatic_i02::tests::i02_skip_unique_arms ... ok
test analysis::patterns::idiomatic::idiomatic_i02::tests::i02_flag_duplicate_arms ... ok
test analysis::patterns::idiomatic::idiomatic_i02::tests::i02_skip_tuple_match_different_variants ... ok
test analysis::patterns::idiomatic::idiomatic_i01::tests::i01_flag_simple_from ... ok
test analysis::patterns::logic::logic_l03::tests::l03_flag_first_unwrap ... ok
test analysis::patterns::idiomatic::idiomatic_i01::tests::i01_message_is_suggestion_not_error ... ok
test analysis::patterns::idiomatic::idiomatic_i01::tests::i01_skip_error_from ... ok
test analysis::patterns::logic::logic_l03::tests::l03_flag_last_unwrap ... ok
test analysis::patterns::logic::logic_l03::tests::l03_flag_index_zero ... ok
test analysis::patterns::logic::logic_l02::tests::l02_skip_guard_idx_gte_len ... ok
test analysis::patterns::logic::logic_l02::tests::l02_skip_threshold ... ok
test analysis::patterns::logic_helpers::tests::decl_matches_exact_name ... ok
test analysis::patterns::logic_helpers::tests::decl_no_false_prefix_match ... ok
test analysis::patterns::logic_helpers::tests::is_literal_detects_integer ... ok
test analysis::patterns::logic::logic_l02::tests::l02_skip_max_var ... ok
test analysis::patterns::logic_helpers::tests::is_literal_none_returns_false ... ok
test analysis::patterns::logic_helpers::tests::is_literal_rejects_identifier ... ok
test analysis::patterns::logic_helpers::tests::matches_mut_param ... ok
test analysis::patterns::logic_helpers::tests::matches_ref_mut_param ... ok
test analysis::patterns::logic_helpers::tests::matches_plain_param ... ok
test analysis::patterns::logic_proof::tests::extract_receiver_simple ... ok
test analysis::patterns::logic::logic_l03::tests::l03_medium_confidence_for_method_return ... ok
test analysis::patterns::logic::logic_l02::tests::l02_flag_lte_len ... ok
test analysis::patterns::logic::logic_l03::tests::l03_high_confidence_for_found_vec ... ok
test analysis::patterns::logic_proof::tests::fixed_array_boundary_exact ... ok
test analysis::patterns::logic_proof::tests::fixed_array_boundary_out_of_bounds ... ok
test analysis::patterns::logic::logic_l03::tests::l03_no_flag_without_unwrap ... ok
test analysis::patterns::logic_proof::tests::generic_impl_type_extraction ... ok
test analysis::patterns::logic::logic_l03::tests::l03_high_confidence_for_param_slice ... ok
test analysis::patterns::logic_proof::tests::pub_field_array_size ... ok
test analysis::patterns::logic_proof::tests::trait_impl_type_extraction ... ok
test analysis::patterns::logic::logic_l03::tests::l03_medium_confidence_for_self_field ... ok
test analysis::patterns::logic::logic_l02::tests::l02_skip_guard_len_lte_idx ... ok
test analysis::patterns::performance::performance_p01::tests::is_arc_or_rc_detects_variants ... ok
test analysis::patterns::logic::logic_l03::tests::l03_medium_confidence_for_unfound_variable ... ok
test analysis::patterns::logic::logic_l02::tests::l02_flag_len_gte_idx ... ok
test analysis::patterns::performance::performance_p01::tests::looks_heap_owning_identifies_string ... ok
test analysis::patterns::logic::logic_l03::tests::l03_skip_chunks_exact_index ... ok
test analysis::patterns::logic::logic_l03::tests::l03_skip_fixed_array_literal ... ok
test analysis::patterns::logic::logic_l03::tests::l03_skip_fixed_array_repeat ... ok
test analysis::patterns::logic::logic_l03::tests::l03_skip_struct_field_array ... ok
test analysis::patterns::logic::logic_l03::tests::l03_skip_typed_param_array ... ok
test analysis::patterns::logic::logic_l03::tests::l03_skip_with_empty_check ... ok
test analysis::patterns::logic::logic_l03::tests::l03_skip_with_len_check ... ok
test analysis::patterns::logic::logic_l03::tests::l03_still_flags_slice_index ... ok
test analysis::patterns::performance_test_ctx::tests::detects_cfg_test_module ... ok
test analysis::patterns::performance_test_ctx::tests::detects_test_function ... ok
test analysis::patterns::performance_test_ctx::tests::non_test_context ... ok
test analysis::patterns::logic::logic_l03::tests::l03_still_flags_vec_index ... ok
test analysis::patterns::resource::tests::r07_flag_missing_flush ... ok
test analysis::patterns::performance::performance_p01::tests::p01_skipped_in_cfg_test_module ... ok
test analysis::patterns::resource::tests::r07_skip_returned_writer ... ok
test analysis::patterns::performance::performance_p01::tests::p01_skipped_in_test_function ... ok
test analysis::patterns::security::security_x02::tests::is_shell_invocation_detects_shell_vars ... ok
test analysis::patterns::performance::performance_p04p06::tests::p06_skipped_in_test_function ... ok
test analysis::patterns::resource::tests::r07_skip_with_flush ... ok
test analysis::patterns::security::security_x02::tests::x02_const_binary_is_safe ... ok
test analysis::patterns::security::security_x02::tests::x02_direct_exec_with_args_is_provenance_not_injection ... ok
test analysis::patterns::security::security_x02::tests::x02_flags_shell_invocation ... ok
test analysis::patterns::performance::performance_p01::tests::p01_skipped_when_clone_into_entry ... ok
test analysis::patterns::performance::performance_p01::tests::p01_skipped_when_clone_into_push ... ok
test analysis::patterns::performance::performance_p01::tests::p01_high_confidence_for_uppercase_receiver ... ok
test branch::tests::test_work_branch_name ... ok
test analysis::patterns::performance::performance_p01::tests::p01_medium_confidence_for_generic_long_name ... ok
test analysis::patterns::performance::performance_p01::tests::p01_does_not_flag_arc_clone ... ok
test file_class::tests::json_is_config_not_governed ... ok
test file_class::tests::html_is_asset_not_governed ... ok
test file_class::tests::lock_files_are_other ... ok
test file_class::tests::minified_js_is_asset ... ok
test file_class::tests::markdown_is_other ... ok
test analysis::patterns::performance::performance_p01::tests::p01_high_confidence_for_known_heap_keyword ... ok
test file_class::tests::source_files_are_governed ... ok
test file_class::tests::svg_is_asset ... ok
test file_class::tests::toml_is_config ... ok
test analysis::patterns::performance::performance_p01::tests::p01_medium_confidence_for_indexed_access ... ok
test graph::locality::classifier::tests::test_deadwood ... ok
test graph::locality::classifier::tests::test_god_module ... ok
test graph::defs::extract::tests::test_swift_defs ... FAILED
test graph::locality::classifier::tests::test_stable_hub ... ok
test analysis::patterns::performance::performance_p01::tests::p01_does_not_flag_short_receiver ... ok
test graph::locality::classifier::tests::test_volatile_leaf ... ok
test graph::locality::coupling::tests::test_compute_coupling ... ok
test graph::locality::cycles::tests::test_cycle_content ... ok
test graph::locality::distance::tests::test_deep_hierarchy ... ok
test graph::locality::distance::tests::test_same_directory ... ok
test analysis::patterns::performance::performance_p01::tests::p01_skipped_when_clone_into_extend ... ok
test graph::locality::distance::tests::test_sibling_directories ... ok
test analysis::patterns::performance::performance_p01::tests::p01_flags_string_clone_in_loop ... ok
test graph::locality::exemptions::tests::test_crate_root ... ok
test graph::locality::cycles::tests::test_cycle_detection_logic ... ok
test graph::locality::exemptions::tests::test_parent_reexport ... ok
test graph::locality::exemptions::tests::test_shared_infrastructure ... ok
test graph::locality::exemptions::tests::test_vertical_routing ... ok
test graph::locality::tests::integration::test_encapsulation_allows_mod_rs_import ... ok
test graph::locality::tests::integration::test_distance_boundary_condition ... ok
test graph::locality::tests::integration::test_encapsulation_breach_detects_internal_import ... ok
test graph::locality::tests::part2::integration2::test_cycle_detection_three_node ... ok
test graph::locality::tests::part2::integration2::test_lib_rs_exempt_from_all_rules ... ok
test graph::locality::tests::integration::test_hub_exemption_ignores_distance ... ok
test graph::locality::tests::part2::integration2::test_upward_dep_categorization_with_manual_layers ... ok
test graph::locality::tests::part2::integration2::test_vertical_routing_same_module ... ok
test graph::rank::pagerank::tests::test_helpers_table ... ok
test graph::tsconfig::tests::test_match_pattern ... ok
test graph::tsconfig::tests::test_strip_comments ... ok
test lang::tests::test_from_ext ... ok
test lang::tests::test_swift_queries_compile ... FAILED
test mutate::mutations::tests::test_boolean_mutations ... ok
test mutate::mutations::tests::test_comparison_mutations ... ok
test graph::rank::pagerank::tests::test_compute_logic ... ok
test mutate::discovery::tests::test_discover_finds_operators ... ok
test mutate::mutations::tests::test_logical_mutations ... ok
test analysis::patterns::performance::performance_p01::tests::p01_does_not_flag_rc_clone ... ok
test mutate::mutations::tests::test_no_mutation ... ok
test skeleton::tests::test_filter_nested_ranges_logic ... ok
test skeleton::tests::test_replace_ranges_logic ... ok
test analysis::patterns::performance::performance_p02::tests::p02_flags_to_string_in_loop ... ok
test graph::defs::extract::tests::test_python_defs ... ok
test analysis::patterns::performance::performance_p04p06::tests::p06_flags_position_in_loop ... ok
test analysis::patterns::performance::performance_p04p06::tests::p06_flags_find_in_loop ... ok
test graph::defs::extract::tests::test_rust_defs ... ok
test analysis::patterns::security::security_x01::tests::x01_flags_sql_format ... ok
test analysis::patterns::semantic::tests::m03_flag_getter_with_mut ... ok
test analysis::patterns::semantic::tests::m04_flag_is_returning_string ... ok
test analysis::patterns::semantic::tests::m03_skip_getter_without_mut ... ok
test analysis::patterns::semantic::tests::m04_skip_is_returning_bool ... ok
test analysis::patterns::semantic::tests::m05_flag_calculate_with_mut ... ok
test skeleton::tests::test_clean_integration ... ok
test graph::imports::tests::test_extract_imports ... ok
test analysis::patterns::performance::performance_p04p06::tests::p04_flags_nested_loop ... ok

failures:

---- graph::defs::extract::tests::test_swift_defs stdout ----

thread 'graph::defs::extract::tests::test_swift_defs' panicked at src\graph\defs\queries.rs:16:50:
Invalid query: Incompatible language version 15. Expected minimum 13, maximum 14
note: run with `RUST_BACKTRACE=1` environment variable to display a backtrace

---- lang::tests::test_swift_queries_compile stdout ----

thread 'lang::tests::test_swift_queries_compile' panicked at src\lang.rs:118:9:
Swift query failed for Naming: Some(QueryError { row: 0, column: 0, offset: 0, message: "Incompatible language version 15. Expected minimum 13, maximum 14", kind: Language })


failures:
    graph::defs::extract::tests::test_swift_defs
    lang::tests::test_swift_queries_compile

test result: FAILED. 147 passed; 2 failed; 0 ignored; 0 measured; 0 filtered out; finished in 0.14s


   Compiling neti v1.6.6 (C:\Users\SpencerNunamakerTrav\neti)
    Finished `test` profile [unoptimized + debuginfo] target(s) in 2.76s
     Running unittests src\lib.rs (target\debug\deps\neti_core-49c5bbcd835586b1.exe)
error: test failed, to rerun pass `--lib`
[exit code: 101]

